<?xml version="1.0" encoding="UTF-8"?>
<!-- Generated by org.testng.reporters.JUnitReportReporter -->
<testsuite hostname="PRASHANTs-MacBook-Pro.local" failures="0" tests="4" name="in.zipgo.ZipgoKnowlarityData.KnowlaritycombinedReport" time="102.753" errors="0" timestamp="28 Nov 2018 14:39:46 GMT" skipped="0">
  <testcase classname="in.zipgo.ZipgoKnowlarityData.KnowlaritycombinedReport" name="deleteOldFile" time="0.018"/>
  <testcase classname="in.zipgo.ZipgoKnowlarityData.KnowlaritycombinedReport" name="downloadData" time="89.526"/>
  <testcase classname="in.zipgo.ZipgoKnowlarityData.KnowlaritycombinedReport" name="IBDCallLogsDumpMail" time="8.631"/>
  <testcase classname="in.zipgo.ZipgoKnowlarityData.KnowlaritycombinedReport" name="DriverSupportIBDCallLogsDumpMail" time="4.578"/>
</testsuite> <!-- in.zipgo.ZipgoKnowlarityData.KnowlaritycombinedReport -->
